#
# A fatal error has been detected by the Java Runtime Environment:
#
#  EXCEPTION_ACCESS_VIOLATION (0xc0000005) at pc=0x0000000062ead7d7, pid=5368, tid=9488
#
# JRE version: Java(TM) SE Runtime Environment (10.0.1+10) (build 10.0.1+10)
# Java VM: Java HotSpot(TM) 64-Bit Server VM (10.0.1+10, mixed mode, tiered, compressed oops, g1 gc, windows-amd64)
# Problematic frame:
# V  [jvm.dll+0x31d7d7]
#
# No core dump will be written. Minidumps are not enabled by default on client versions of Windows
#
# If you would like to submit a bug report, please visit:
#   http://bugreport.java.com/bugreport/crash.jsp
#

---------------  S U M M A R Y ------------

Command Line: -agentlib:jdwp=transport=dt_socket,address=127.0.0.1:51347,suspend=y,server=n -ea -Didea.test.cyclic.buffer.size=1048576 -javaagent:C:\Users\RAHULK~1\AppData\Local\Temp\capture2jars\debugger-agent.jar=file:/C:/Users/RAHULK~1/AppData/Local/Temp/capture.props -Dfile.encoding=UTF-8 org.testng.RemoteTestNGStarter -usedefaultlisteners false -socket51346 @w@C:\Users\RAHULK~1\AppData\Local\Temp\idea_working_dirs_testng1.tmp -temp C:\Users\RAHULK~1\AppData\Local\Temp\idea_testng1.tmp

Host: Intel(R) Core(TM) i3-3227U CPU @ 1.90GHz, 4 cores, 3G,  Windows 10 , 64 bit Build 17134 (10.0.17134.1)
Time: Fri Jul 13 00:06:09 2018 India Standard Time elapsed time: 372 seconds (0d 0h 6m 12s)

---------------  T H R E A D  ---------------

Current thread (0x00000288fc5d0800):  VMThread "VM Thread" [stack: 0x000000a07da00000,0x000000a07db00000] [id=9488]

Stack: [0x000000a07da00000,0x000000a07db00000],  sp=0x000000a07dafedc0,  free space=1019k
Native frames: (J=compiled Java code, j=interpreted, Vv=VM code, C=native code)
V  [jvm.dll+0x31d7d7]
V  [jvm.dll+0x31fb65]
V  [jvm.dll+0x32020a]
V  [jvm.dll+0x31d9a5]
V  [jvm.dll+0x31cd63]
V  [jvm.dll+0x590c0f]
V  [jvm.dll+0x590ff6]
V  [jvm.dll+0x590db6]
V  [jvm.dll+0x55c228]
V  [jvm.dll+0x473b9a]
V  [jvm.dll+0x6c485c]
V  [jvm.dll+0x6c2fc5]
V  [jvm.dll+0x6c37d0]
V  [jvm.dll+0x6c3b0c]
V  [jvm.dll+0x59f680]
C  [msvcr120.dll+0x24f7f]
C  [msvcr120.dll+0x25126]
C  [KERNEL32.DLL+0x13034]
C  [ntdll.dll+0x71431]


siginfo: EXCEPTION_ACCESS_VIOLATION (0xc0000005), reading address 0x00000288fd696560


Register to memory mapping:

RIP=0x0000000062ead7d7 jvm.dll
RAX=0x000000000000fc4b is an unknown value
RBX=0x00000288fd6182c8 is pointing into metadata
RCX=0x000000000000fc4b is an unknown value
RDX=0x0000000000000030 is an unknown value
RSP=0x000000a07dafedc0 is an unknown value
RBP=0x0000000000000000 is an unknown value
RSI=0x000000006352ac28 jvm.dll
RDI=0x000000a07daff060 is an unknown value
R8 =0x0000000000000000 is an unknown value
R9 =0x00000288fd6182c8 is pointing into metadata
R10={method} {0x00000288fd618a68} 'initialisation' '()V' in 'com/ess/qa/base/TestBase'
R11=0x000000a07dafee20 is an unknown value
R12=0x000000006330d601 jvm.dll
R13=0x0000000000000000 is an unknown value
R14=0x0000000000000001 is an unknown value
R15=0x0000000000000028 is an unknown value


Registers:
RAX=0x000000000000fc4b, RBX=0x00000288fd6182c8, RCX=0x000000000000fc4b, RDX=0x0000000000000030
RSP=0x000000a07dafedc0, RBP=0x0000000000000000, RSI=0x000000006352ac28, RDI=0x000000a07daff060
R8 =0x0000000000000000, R9 =0x00000288fd6182c8, R10=0x00000288fd618a60, R11=0x000000a07dafee20
R12=0x000000006330d601, R13=0x0000000000000000, R14=0x0000000000000001, R15=0x0000000000000028
RIP=0x0000000062ead7d7, EFLAGS=0x0000000000010206

Top of Stack: (sp=0x000000a07dafedc0)
0x000000a07dafedc0:   0000000000000022 0000000062eb10cd
0x000000a07dafedd0:   000000a07dafef08 0000000000000000
0x000000a07dafede0:   0000000000000000 0000000062eb0deb
0x000000a07dafedf0:   8fffffff46000028 8fffffff8fffffff
0x000000a07dafee00:   00000c54beec3701 00000c54beec3711
0x000000a07dafee10:   0000000000000001 000000a07dafeeb0
0x000000a07dafee20:   000000a07daff060 0000000062eafb65
0x000000a07dafee30:   000000a07daff008 000000000000002f
0x000000a07dafee40:   000000a07dafeee0 000000a07daff060
0x000000a07dafee50:   000000000000002f 0000000000000000
0x000000a07dafee60:   0000000000000028 0000000000000032
0x000000a07dafee70:   00000288f54838d8 0000000062eb020a
0x000000a07dafee80:   000000a07daff060 000000a07dafeee0
0x000000a07dafee90:   0000000000000001 00000288f54838d8
0x000000a07dafeea0:   0000000000006000 0000000062eb2071
0x000000a07dafeeb0:   00000288fd618a60 00000288fc5d0800 

Instructions: (pc=0x0000000062ead7d7)
0x0000000062ead7b7:   08 41 8b d1 48 8b cb e8 8d 11 f1 ff 48 8b cb 8b
0x0000000062ead7c7:   d0 e8 f3 38 f1 ff 48 8d 35 54 d4 67 00 48 63 c8
0x0000000062ead7d7:   48 8b 44 cb 40 0f b6 48 06 8b 05 3e d4 67 00 80
0x0000000062ead7e7:   f9 4c 74 2b 80 f9 5b 74 26 80 f9 4a 74 18 80 f9 


VM_Operation (0x000000a07e3ff2e0): GetOrSetLocal, mode: safepoint, requested by thread 0x00000288fcb68800


---------------  P R O C E S S  ---------------

Threads class SMR info:
_java_thread_list=0x00000288fca15d10, length=14, elements={
0x00000288f53d3800, 0x00000288fc5e6000, 0x00000288fc5e9000, 0x00000288fc62f800,
0x00000288fc636000, 0x00000288fc637000, 0x00000288fc63a000, 0x00000288fc643800,
0x00000288fc644800, 0x00000288fcb68800, 0x00000288fc9c6800, 0x00000288fc9c7000,
0x00000288fca97800, 0x00000288fca41000
}

Java Threads: ( => current thread )
  0x00000288f53d3800 JavaThread "main" [_thread_blocked, id=2336, stack(0x000000a07ce00000,0x000000a07cf00000)]
  0x00000288fc5e6000 JavaThread "Reference Handler" daemon [_thread_blocked, id=2324, stack(0x000000a07db00000,0x000000a07dc00000)]
  0x00000288fc5e9000 JavaThread "Finalizer" daemon [_thread_blocked, id=2496, stack(0x000000a07dc00000,0x000000a07dd00000)]
  0x00000288fc62f800 JavaThread "Signal Dispatcher" daemon [_thread_blocked, id=6932, stack(0x000000a07dd00000,0x000000a07de00000)]
  0x00000288fc636000 JavaThread "Attach Listener" daemon [_thread_blocked, id=6780, stack(0x000000a07de00000,0x000000a07df00000)]
  0x00000288fc637000 JavaThread "C2 CompilerThread0" daemon [_thread_blocked, id=11008, stack(0x000000a07df00000,0x000000a07e000000)]
  0x00000288fc63a000 JavaThread "C2 CompilerThread1" daemon [_thread_blocked, id=1256, stack(0x000000a07e000000,0x000000a07e100000)]
  0x00000288fc643800 JavaThread "C1 CompilerThread2" daemon [_thread_blocked, id=10196, stack(0x000000a07e100000,0x000000a07e200000)]
  0x00000288fc644800 JavaThread "Sweeper thread" daemon [_thread_blocked, id=5284, stack(0x000000a07e200000,0x000000a07e300000)]
  0x00000288fcb68800 JavaThread "JDWP Transport Listener: dt_socket" daemon [_thread_blocked, id=6116, stack(0x000000a07e300000,0x000000a07e400000)] _threads_hazard_ptr=0x00000288fca15d10
  0x00000288fc9c6800 JavaThread "JDWP Event Helper Thread" daemon [_thread_blocked, id=2276, stack(0x000000a07e400000,0x000000a07e500000)]
  0x00000288fc9c7000 JavaThread "JDWP Command Reader" daemon [_thread_in_native, id=1260, stack(0x000000a07e500000,0x000000a07e600000)]
  0x00000288fca97800 JavaThread "Common-Cleaner" daemon [_thread_blocked, id=8808, stack(0x000000a07e600000,0x000000a07e700000)]
  0x00000288fca41000 JavaThread "Service Thread" daemon [_thread_blocked, id=5616, stack(0x000000a07e700000,0x000000a07e800000)]

Other Threads:
=>0x00000288fc5d0800 VMThread "VM Thread" [stack: 0x000000a07da00000,0x000000a07db00000] [id=9488]
  0x00000288fcc88800 WatcherThread [stack: 0x000000a07e800000,0x000000a07e900000] [id=5800]
  0x00000288f53ee000 GCTaskThread "GC Thread#0" [stack: 0x000000a07cf00000,0x000000a07d000000] [id=9804]
  0x00000288f53ef000 GCTaskThread "GC Thread#1" [stack: 0x000000a07d000000,0x000000a07d100000] [id=4228]
  0x00000288f53f1800 GCTaskThread "GC Thread#2" [stack: 0x000000a07d100000,0x000000a07d200000] [id=6512]
  0x00000288f53f2800 GCTaskThread "GC Thread#3" [stack: 0x000000a07d200000,0x000000a07d300000] [id=7392]
  0x00000288f542c000 ConcurrentGCThread "G1 Main Marker" [stack: 0x000000a07d300000,0x000000a07d400000] [id=2008]
  0x00000288f52ca800 ConcurrentGCThread "G1 Conc#0" [stack: 0x000000a07d400000,0x000000a07d500000] [id=6508]
  0x00000288f5471000 ConcurrentGCThread "G1 Refine#0" [stack: 0x000000a07d500000,0x000000a07d600000] [id=1188]
  0x00000288f5476000 ConcurrentGCThread "G1 Refine#1" [stack: 0x000000a07d600000,0x000000a07d700000] [id=6268]
  0x00000288f5477000 ConcurrentGCThread "G1 Refine#2" [stack: 0x000000a07d700000,0x000000a07d800000] [id=5252]
  0x00000288f547b000 ConcurrentGCThread "G1 Refine#3" [stack: 0x000000a07d800000,0x000000a07d900000] [id=8388]
  0x00000288f547e000 ConcurrentGCThread "G1 Young RemSet Sampling" [stack: 0x000000a07d900000,0x000000a07da00000] [id=2892]

Threads with active compile tasks:

VM state:at safepoint (normal execution)

VM Mutex/Monitor currently owned by a thread:  ([mutex/lock_event])
[0x00000288f53d2e80] Threads_lock - owner thread: 0x00000288fc5d0800

Heap address: 0x00000000c1600000, size: 1002 MB, Compressed Oops mode: 32-bit
Narrow klass base: 0x0000000000000000, Narrow klass shift: 3
Compressed class space size: 1073741824 Address: 0x0000000100000000

Heap:
 garbage-first heap   total 65536K, used 13710K [0x00000000c1600000, 0x0000000100000000)
  region size 1024K, 8 young (8192K), 2 survivors (2048K)
 Metaspace       used 12443K, capacity 12624K, committed 12800K, reserved 1060864K
  class space    used 1166K, capacity 1229K, committed 1280K, reserved 1048576K
Heap Regions: E=young(eden), S=young(survivor), O=old, HS=humongous(starts), HC=humongous(continues), CS=collection set, F=free, A=archive, TS=gc time stamp, AC=allocation context, TAMS=top-at-mark-start (previous, next)
|   0|0x00000000c1600000, 0x00000000c1700000, 0x00000000c1700000|100%|HS|  |TS  0|AC  0|TAMS 0x00000000c1600000, 0x00000000c1600000|
|   1|0x00000000c1700000, 0x00000000c1800000, 0x00000000c1800000|100%|HS|  |TS  0|AC  0|TAMS 0x00000000c1700000, 0x00000000c1700000|
|   2|0x00000000c1800000, 0x00000000c1900000, 0x00000000c1900000|100%|HC|  |TS  0|AC  0|TAMS 0x00000000c1800000, 0x00000000c1800000|
|   3|0x00000000c1900000, 0x00000000c1a00000, 0x00000000c1a00000|100%|HC|  |TS  0|AC  0|TAMS 0x00000000c1900000, 0x00000000c1900000|
|   4|0x00000000c1a00000, 0x00000000c1b00000, 0x00000000c1b00000|100%| O|  |TS  1|AC  0|TAMS 0x00000000c1a00000, 0x00000000c1a00000|
|   5|0x00000000c1b00000, 0x00000000c1c00000, 0x00000000c1c00000|100%| O|  |TS  1|AC  0|TAMS 0x00000000c1b00000, 0x00000000c1b00000|
|   6|0x00000000c1c00000, 0x00000000c1c63800, 0x00000000c1d00000| 38%| O|  |TS  1|AC  0|TAMS 0x00000000c1c00000, 0x00000000c1c00000|
|   7|0x00000000c1d00000, 0x00000000c1d00000, 0x00000000c1e00000|  0%| F|  |TS  0|AC  0|TAMS 0x00000000c1d00000, 0x00000000c1d00000|
|   8|0x00000000c1e00000, 0x00000000c1e00000, 0x00000000c1f00000|  0%| F|  |TS  0|AC  0|TAMS 0x00000000c1e00000, 0x00000000c1e00000|
|   9|0x00000000c1f00000, 0x00000000c1f00000, 0x00000000c2000000|  0%| F|  |TS  0|AC  0|TAMS 0x00000000c1f00000, 0x00000000c1f00000|
|  10|0x00000000c2000000, 0x00000000c2000000, 0x00000000c2100000|  0%| F|  |TS  0|AC  0|TAMS 0x00000000c2000000, 0x00000000c2000000|
|  11|0x00000000c2100000, 0x00000000c2100000, 0x00000000c2200000|  0%| F|  |TS  0|AC  0|TAMS 0x00000000c2100000, 0x00000000c2100000|
|  12|0x00000000c2200000, 0x00000000c2200000, 0x00000000c2300000|  0%| F|  |TS  0|AC  0|TAMS 0x00000000c2200000, 0x00000000c2200000|
|  13|0x00000000c2300000, 0x00000000c2300000, 0x00000000c2400000|  0%| F|  |TS  0|AC  0|TAMS 0x00000000c2300000, 0x00000000c2300000|
|  14|0x00000000c2400000, 0x00000000c2400000, 0x00000000c2500000|  0%| F|  |TS  0|AC  0|TAMS 0x00000000c2400000, 0x00000000c2400000|
|  15|0x00000000c2500000, 0x00000000c2500000, 0x00000000c2600000|  0%| F|  |TS  0|AC  0|TAMS 0x00000000c2500000, 0x00000000c2500000|
|  16|0x00000000c2600000, 0x00000000c2600000, 0x00000000c2700000|  0%| F|  |TS  0|AC  0|TAMS 0x00000000c2600000, 0x00000000c2600000|
|  17|0x00000000c2700000, 0x00000000c2700000, 0x00000000c2800000|  0%| F|  |TS  0|AC  0|TAMS 0x00000000c2700000, 0x00000000c2700000|
|  18|0x00000000c2800000, 0x00000000c2800000, 0x00000000c2900000|  0%| F|  |TS  0|AC  0|TAMS 0x00000000c2800000, 0x00000000c2800000|
|  19|0x00000000c2900000, 0x00000000c2900000, 0x00000000c2a00000|  0%| F|  |TS  0|AC  0|TAMS 0x00000000c2900000, 0x00000000c2900000|
|  20|0x00000000c2a00000, 0x00000000c2a00000, 0x00000000c2b00000|  0%| F|  |TS  0|AC  0|TAMS 0x00000000c2a00000, 0x00000000c2a00000|
|  21|0x00000000c2b00000, 0x00000000c2b00000, 0x00000000c2c00000|  0%| F|  |TS  0|AC  0|TAMS 0x00000000c2b00000, 0x00000000c2b00000|
|  22|0x00000000c2c00000, 0x00000000c2c00000, 0x00000000c2d00000|  0%| F|  |TS  0|AC  0|TAMS 0x00000000c2c00000, 0x00000000c2c00000|
|  23|0x00000000c2d00000, 0x00000000c2d00000, 0x00000000c2e00000|  0%| F|  |TS  0|AC  0|TAMS 0x00000000c2d00000, 0x00000000c2d00000|
|  24|0x00000000c2e00000, 0x00000000c2e00000, 0x00000000c2f00000|  0%| F|  |TS  0|AC  0|TAMS 0x00000000c2e00000, 0x00000000c2e00000|
|  25|0x00000000c2f00000, 0x00000000c2f00000, 0x00000000c3000000|  0%| F|  |TS  0|AC  0|TAMS 0x00000000c2f00000, 0x00000000c2f00000|
|  26|0x00000000c3000000, 0x00000000c3000000, 0x00000000c3100000|  0%| F|  |TS  0|AC  0|TAMS 0x00000000c3000000, 0x00000000c3000000|
|  27|0x00000000c3100000, 0x00000000c3100000, 0x00000000c3200000|  0%| F|  |TS  0|AC  0|TAMS 0x00000000c3100000, 0x00000000c3100000|
|  28|0x00000000c3200000, 0x00000000c3200000, 0x00000000c3300000|  0%| F|  |TS  0|AC  0|TAMS 0x00000000c3200000, 0x00000000c3200000|
|  29|0x00000000c3300000, 0x00000000c3300000, 0x00000000c3400000|  0%| F|  |TS  0|AC  0|TAMS 0x00000000c3300000, 0x00000000c3300000|
|  30|0x00000000c3400000, 0x00000000c3400000, 0x00000000c3500000|  0%| F|  |TS  0|AC  0|TAMS 0x00000000c3400000, 0x00000000c3400000|
|  31|0x00000000c3500000, 0x00000000c3500000, 0x00000000c3600000|  0%| F|  |TS  0|AC  0|TAMS 0x00000000c3500000, 0x00000000c3500000|
|  32|0x00000000c3600000, 0x00000000c3600000, 0x00000000c3700000|  0%| F|  |TS  0|AC  0|TAMS 0x00000000c3600000, 0x00000000c3600000|
|  33|0x00000000c3700000, 0x00000000c3700000, 0x00000000c3800000|  0%| F|  |TS  0|AC  0|TAMS 0x00000000c3700000, 0x00000000c3700000|
|  34|0x00000000c3800000, 0x00000000c3800000, 0x00000000c3900000|  0%| F|  |TS  0|AC  0|TAMS 0x00000000c3800000, 0x00000000c3800000|
|  35|0x00000000c3900000, 0x00000000c3900000, 0x00000000c3a00000|  0%| F|  |TS  0|AC  0|TAMS 0x00000000c3900000, 0x00000000c3900000|
|  36|0x00000000c3a00000, 0x00000000c3a00000, 0x00000000c3b00000|  0%| F|  |TS  0|AC  0|TAMS 0x00000000c3a00000, 0x00000000c3a00000|
|  37|0x00000000c3b00000, 0x00000000c3b00000, 0x00000000c3c00000|  0%| F|  |TS  0|AC  0|TAMS 0x00000000c3b00000, 0x00000000c3b00000|
|  38|0x00000000c3c00000, 0x00000000c3c00000, 0x00000000c3d00000|  0%| F|  |TS  0|AC  0|TAMS 0x00000000c3c00000, 0x00000000c3c00000|
|  39|0x00000000c3d00000, 0x00000000c3d00000, 0x00000000c3e00000|  0%| F|  |TS  0|AC  0|TAMS 0x00000000c3d00000, 0x00000000c3d00000|
|  40|0x00000000c3e00000, 0x00000000c3e00000, 0x00000000c3f00000|  0%| F|  |TS  0|AC  0|TAMS 0x00000000c3e00000, 0x00000000c3e00000|
|  41|0x00000000c3f00000, 0x00000000c3f00000, 0x00000000c4000000|  0%| F|  |TS  0|AC  0|TAMS 0x00000000c3f00000, 0x00000000c3f00000|
|  42|0x00000000c4000000, 0x00000000c4000000, 0x00000000c4100000|  0%| F|  |TS  0|AC  0|TAMS 0x00000000c4000000, 0x00000000c4000000|
|  43|0x00000000c4100000, 0x00000000c4100000, 0x00000000c4200000|  0%| F|  |TS  0|AC  0|TAMS 0x00000000c4100000, 0x00000000c4100000|
|  44|0x00000000c4200000, 0x00000000c4200000, 0x00000000c4300000|  0%| F|  |TS  0|AC  0|TAMS 0x00000000c4200000, 0x00000000c4200000|
|  45|0x00000000c4300000, 0x00000000c4300000, 0x00000000c4400000|  0%| F|  |TS  0|AC  0|TAMS 0x00000000c4300000, 0x00000000c4300000|
|  46|0x00000000c4400000, 0x00000000c4400000, 0x00000000c4500000|  0%| F|  |TS  0|AC  0|TAMS 0x00000000c4400000, 0x00000000c4400000|
|  47|0x00000000c4500000, 0x00000000c4500000, 0x00000000c4600000|  0%| F|  |TS  0|AC  0|TAMS 0x00000000c4500000, 0x00000000c4500000|
|  48|0x00000000c4600000, 0x00000000c4700000, 0x00000000c4700000|100%| S|CS|TS  1|AC  0|TAMS 0x00000000c4600000, 0x00000000c4600000|
|  49|0x00000000c4700000, 0x00000000c4800000, 0x00000000c4800000|100%| S|CS|TS  1|AC  0|TAMS 0x00000000c4700000, 0x00000000c4700000|
|  50|0x00000000c4800000, 0x00000000c4800000, 0x00000000c4900000|  0%| F|  |TS  1|AC  0|TAMS 0x00000000c4800000, 0x00000000c4800000|
|  51|0x00000000c4900000, 0x00000000c4900000, 0x00000000c4a00000|  0%| F|  |TS  1|AC  0|TAMS 0x00000000c4900000, 0x00000000c4900000|
|  52|0x00000000c4a00000, 0x00000000c4a00000, 0x00000000c4b00000|  0%| F|  |TS  1|AC  0|TAMS 0x00000000c4a00000, 0x00000000c4a00000|
|  53|0x00000000c4b00000, 0x00000000c4b00000, 0x00000000c4c00000|  0%| F|  |TS  1|AC  0|TAMS 0x00000000c4b00000, 0x00000000c4b00000|
|  54|0x00000000c4c00000, 0x00000000c4c00000, 0x00000000c4d00000|  0%| F|  |TS  1|AC  0|TAMS 0x00000000c4c00000, 0x00000000c4c00000|
|  55|0x00000000c4d00000, 0x00000000c4d00000, 0x00000000c4e00000|  0%| F|  |TS  1|AC  0|TAMS 0x00000000c4d00000, 0x00000000c4d00000|
|  56|0x00000000c4e00000, 0x00000000c4e00000, 0x00000000c4f00000|  0%| F|  |TS  1|AC  0|TAMS 0x00000000c4e00000, 0x00000000c4e00000|
|  57|0x00000000c4f00000, 0x00000000c4f00000, 0x00000000c5000000|  0%| F|  |TS  1|AC  0|TAMS 0x00000000c4f00000, 0x00000000c4f00000|
|  58|0x00000000c5000000, 0x00000000c50d26c8, 0x00000000c5100000| 82%| E|  |TS  1|AC  0|TAMS 0x00000000c5000000, 0x00000000c5000000|
|  59|0x00000000c5100000, 0x00000000c5200000, 0x00000000c5200000|100%| E|CS|TS  1|AC  0|TAMS 0x00000000c5100000, 0x00000000c5100000|
|  60|0x00000000c5200000, 0x00000000c5300000, 0x00000000c5300000|100%| E|CS|TS  1|AC  0|TAMS 0x00000000c5200000, 0x00000000c5200000|
|  61|0x00000000c5300000, 0x00000000c5400000, 0x00000000c5400000|100%| E|CS|TS  1|AC  0|TAMS 0x00000000c5300000, 0x00000000c5300000|
|  62|0x00000000c5400000, 0x00000000c5500000, 0x00000000c5500000|100%| E|CS|TS  1|AC  0|TAMS 0x00000000c5400000, 0x00000000c5400000|
|  63|0x00000000c5500000, 0x00000000c5600000, 0x00000000c5600000|100%| E|CS|TS  1|AC  0|TAMS 0x00000000c5500000, 0x00000000c5500000|

Card table byte_map: [0x00000288f74a0000,0x00000288f76a0000] byte_map_base: 0x00000288f6e95000

Marking Bits (Prev, Next): (CMBitMap*) 0x00000288f542b750, (CMBitMap*) 0x00000288f542b788
 Prev Bits: [0x00000288f78a0000, 0x00000288f8848000)
 Next Bits: [0x00000288f8850000, 0x00000288f97f8000)

Polling page: 0x00000288f5170000

CodeHeap 'non-profiled nmethods': size=120064Kb used=376Kb max_used=376Kb free=119687Kb
 bounds [0x0000028892d70000, 0x0000028892fe0000, 0x000002889a2b0000]
CodeHeap 'profiled nmethods': size=120000Kb used=1906Kb max_used=1906Kb free=118093Kb
 bounds [0x000002888b840000, 0x000002888bab0000, 0x0000028892d70000]
CodeHeap 'non-nmethods': size=5696Kb used=1161Kb max_used=1179Kb free=4534Kb
 bounds [0x000002888b2b0000, 0x000002888b520000, 0x000002888b840000]
 total_blobs=1662 nmethods=1052 adapters=299
 compilation: enabled

Compilation events (10 events):
Event: 3.407 Thread 0x00000288fc643800 1048       3       java.lang.Class::privateGetDeclaredMethods (64 bytes)
Event: 3.408 Thread 0x00000288fc643800 nmethod 1048 0x000002888ba1a410 code [0x000002888ba1a640, 0x000002888ba1ae20]
Event: 3.413 Thread 0x00000288fc637000 1049       4       java.lang.StringBuilder::<init> (7 bytes)
Event: 3.414 Thread 0x00000288fc63a000 1050       4       sun.net.www.ParseUtil::firstEncodeIndex (98 bytes)
Event: 3.417 Thread 0x00000288fc637000 nmethod 1049 0x0000028892dcd590 code [0x0000028892dcd720, 0x0000028892dcd8f8]
Event: 3.418 Thread 0x00000288fc643800 1051       3       java.util.zip.ZipFile$ZipFileInputStream::initDataOffset (109 bytes)
Event: 3.419 Thread 0x00000288fc643800 nmethod 1051 0x000002888ba1b090 code [0x000002888ba1b2e0, 0x000002888ba1bb70]
Event: 3.419 Thread 0x00000288fc643800 1052   !   3       java.util.zip.ZipFile$Source::readAt (39 bytes)
Event: 3.420 Thread 0x00000288fc643800 nmethod 1052 0x000002888ba1bf10 code [0x000002888ba1c120, 0x000002888ba1c730]
Event: 3.423 Thread 0x00000288fc63a000 nmethod 1050 0x0000028892dcd990 code [0x0000028892dcdb40, 0x0000028892dcde68]

GC Heap History (2 events):
Event: 2.590 GC heap before
{Heap before GC invocations=0 (full 0):
 garbage-first heap   total 65536K, used 18432K [0x00000000c1600000, 0x0000000100000000)
  region size 1024K, 14 young (14336K), 0 survivors (0K)
 Metaspace       used 10328K, capacity 10551K, committed 10880K, reserved 1058816K
  class space    used 936K, capacity 1028K, committed 1152K, reserved 1048576K
}
Event: 2.597 GC heap after
{Heap after GC invocations=1 (full 0):
 garbage-first heap   total 65536K, used 8590K [0x00000000c1600000, 0x0000000100000000)
  region size 1024K, 2 young (2048K), 2 survivors (2048K)
 Metaspace       used 10328K, capacity 10551K, committed 10880K, reserved 1058816K
  class space    used 936K, capacity 1028K, committed 1152K, reserved 1048576K
}

Deoptimization events (10 events):
Event: 0.816 Thread 0x00000288f53d3800 Uncommon trap: reason=unstable_if action=reinterpret pc=0x0000028892d7b238 method=java.util.HashMap.putVal(ILjava/lang/Object;Ljava/lang/Object;ZZ)Ljava/lang/Object; @ 69 c2
Event: 0.902 Thread 0x00000288f53d3800 Uncommon trap: reason=unstable_if action=reinterpret pc=0x0000028892d73f24 method=java.lang.String.hashCode()I @ 14 c2
Event: 0.980 Thread 0x00000288f53d3800 Uncommon trap: reason=unstable_if action=reinterpret pc=0x0000028892d723fc method=java.lang.String.isLatin1()Z @ 10 c2
Event: 1.330 Thread 0x00000288f53d3800 Uncommon trap: reason=unstable_if action=reinterpret pc=0x0000028892d88af8 method=java.util.zip.ZipFile$Source.isMetaName([BII)Z @ 43 c2
Event: 1.383 Thread 0x00000288f53d3800 Uncommon trap: reason=unstable_fused_if action=reinterpret pc=0x0000028892d81ab4 method=java.util.HashMap.resize()[Ljava/util/HashMap$Node; @ 31 c2
Event: 1.602 Thread 0x00000288f53d3800 Uncommon trap: reason=unstable_if action=reinterpret pc=0x0000028892d71ff4 method=java.lang.String.isLatin1()Z @ 10 c2
Event: 2.184 Thread 0x00000288f53d3800 Uncommon trap: reason=unstable_if action=reinterpret pc=0x0000028892d929c4 method=java.util.HashMap.getNode(ILjava/lang/Object;)Ljava/util/HashMap$Node; @ 62 c2
Event: 2.375 Thread 0x00000288f53d3800 Uncommon trap: reason=unstable_if action=reinterpret pc=0x0000028892d98810 method=java.lang.StringLatin1.indexOf([BI[BII)I @ 91 c2
Event: 2.620 Thread 0x00000288f53d3800 Uncommon trap: reason=unstable_if action=reinterpret pc=0x0000028892d86b00 method=java.io.WinNTFileSystem.isSlash(C)Z @ 9 c2
Event: 3.188 Thread 0x00000288f53d3800 Uncommon trap: reason=unstable_if action=reinterpret pc=0x0000028892da1ccc method=java.util.HashMap.getNode(ILjava/lang/Object;)Ljava/util/HashMap$Node; @ 129 c2

Classes redefined (2 events):
Event: 85.922 Thread 0x00000288fc5d0800 redefined class name=com.ess.qa.base.TestBase, count=1
Event: 372.387 Thread 0x00000288fc5d0800 redefined class name=com.ess.qa.base.TestBase, count=2

Internal exceptions (10 events):
Event: 2.519 Thread 0x00000288f53d3800 Exception <a 'java/lang/NoSuchMethodError'{0x00000000c49ef530}: java.lang.invoke.DelegatingMethodHandle$Holder.reinvoke_L(Ljava/lang/Object;IILjava/lang/Object;Ljava/lang/Object;Ljava/lang/Object;)Ljava/lang/Object;> (0x00000000c49ef530) thrown at [t:/wor
Event: 2.521 Thread 0x00000288f53d3800 Exception <a 'java/lang/NoSuchMethodError'{0x00000000c49f4a90}: java.lang.invoke.DirectMethodHandle$Holder.invokeStatic(Ljava/lang/Object;Ljava/lang/Object;Ljava/lang/Object;Ljava/lang/Object;I)Ljava/lang/Object;> (0x00000000c49f4a90) thrown at [t:/worksp
Event: 2.528 Thread 0x00000288f53d3800 Exception <a 'java/lang/NoSuchMethodError'{0x00000000c48114d8}: method resolution failed> (0x00000000c48114d8) thrown at [t:/workspace/open/src/hotspot/share/prims/methodHandles.cpp, line 1226]
Event: 2.533 Thread 0x00000288f53d3800 Exception <a 'java/lang/NoSuchMethodError'{0x00000000c48287b0}: method resolution failed> (0x00000000c48287b0) thrown at [t:/workspace/open/src/hotspot/share/prims/methodHandles.cpp, line 1226]
Event: 2.538 Thread 0x00000288f53d3800 Exception <a 'java/lang/NoSuchMethodError'{0x00000000c4841220}: method resolution failed> (0x00000000c4841220) thrown at [t:/workspace/open/src/hotspot/share/prims/methodHandles.cpp, line 1226]
Event: 2.544 Thread 0x00000288f53d3800 Exception <a 'java/lang/NoSuchMethodError'{0x00000000c485b9d0}: method resolution failed> (0x00000000c485b9d0) thrown at [t:/workspace/open/src/hotspot/share/prims/methodHandles.cpp, line 1226]
Event: 2.708 Thread 0x00000288f53d3800 Exception <a 'java/lang/NoSuchMethodError'{0x00000000c5422040}: method resolution failed> (0x00000000c5422040) thrown at [t:/workspace/open/src/hotspot/share/prims/methodHandles.cpp, line 1226]
Event: 2.712 Thread 0x00000288f53d3800 Exception <a 'java/lang/NoSuchMethodError'{0x00000000c5425388}: java.lang.invoke.DirectMethodHandle$Holder.invokeStaticInit(Ljava/lang/Object;IIII)Ljava/lang/Object;> (0x00000000c5425388) thrown at [t:/workspace/open/src/hotspot/share/interpreter/linkReso
Event: 2.977 Thread 0x00000288f53d3800 Exception <a 'java/lang/NoSuchMethodError'{0x00000000c54533a0}: method resolution failed> (0x00000000c54533a0) thrown at [t:/workspace/open/src/hotspot/share/prims/methodHandles.cpp, line 1226]
Event: 2.978 Thread 0x00000288f53d3800 Exception <a 'java/lang/NoSuchMethodError'{0x00000000c5456998}: java.lang.invoke.DirectMethodHandle$Holder.invokeStaticInit(Ljava/lang/Object;Ljava/lang/Object;IIII)Ljava/lang/Object;> (0x00000000c5456998) thrown at [t:/workspace/open/src/hotspot/share/in

Events (10 events):
Event: 372.410 Executing VM operation: GetFrameLocation done
Event: 372.411 Executing VM operation: GetFrameLocation
Event: 372.411 Executing VM operation: GetFrameLocation done
Event: 372.411 Executing VM operation: GetOrSetLocal
Event: 372.411 Executing VM operation: GetOrSetLocal done
Event: 372.692 Executing VM operation: GetFrameCount
Event: 372.692 Executing VM operation: GetFrameCount done
Event: 372.692 Executing VM operation: GetFrameLocation
Event: 372.692 Executing VM operation: GetFrameLocation done
Event: 372.729 Executing VM operation: GetOrSetLocal


Dynamic libraries:
0x00007ff73c7d0000 - 0x00007ff73c80e000 	C:\Program Files\Java\jdk-10.0.1\bin\java.exe
0x00007ff972030000 - 0x00007ff972211000 	C:\WINDOWS\SYSTEM32\ntdll.dll
0x00007ff96fcb0000 - 0x00007ff96fd62000 	C:\WINDOWS\System32\KERNEL32.DLL
0x00007ff96eab0000 - 0x00007ff96ed23000 	C:\WINDOWS\System32\KERNELBASE.dll
0x00007ff971cc0000 - 0x00007ff971d61000 	C:\WINDOWS\System32\ADVAPI32.dll
0x00007ff96fe60000 - 0x00007ff96fefe000 	C:\WINDOWS\System32\msvcrt.dll
0x00007ff96fe00000 - 0x00007ff96fe5b000 	C:\WINDOWS\System32\sechost.dll
0x00007ff96fb80000 - 0x00007ff96fca4000 	C:\WINDOWS\System32\RPCRT4.dll
0x00007ff971820000 - 0x00007ff9719b0000 	C:\WINDOWS\System32\USER32.dll
0x00007ff96ea90000 - 0x00007ff96eab0000 	C:\WINDOWS\System32\win32u.dll
0x00007ff971790000 - 0x00007ff9717b8000 	C:\WINDOWS\System32\GDI32.dll
0x00007ff96e510000 - 0x00007ff96e6a2000 	C:\WINDOWS\System32\gdi32full.dll
0x00007ff96e8f0000 - 0x00007ff96e98f000 	C:\WINDOWS\System32\msvcp_win.dll
0x00007ff96e990000 - 0x00007ff96ea8a000 	C:\WINDOWS\System32\ucrtbase.dll
0x00007ff9663b0000 - 0x00007ff966619000 	C:\WINDOWS\WinSxS\amd64_microsoft.windows.common-controls_6595b64144ccf1df_6.0.17134.165_none_fb429645306569ac\COMCTL32.dll
0x00007ff971460000 - 0x00007ff971783000 	C:\WINDOWS\System32\combase.dll
0x00007ff964960000 - 0x00007ff96496a000 	C:\WINDOWS\SYSTEM32\VERSION.dll
0x00007ff96ed30000 - 0x00007ff96edaa000 	C:\WINDOWS\System32\bcryptPrimitives.dll
0x00007ff971c90000 - 0x00007ff971cbd000 	C:\WINDOWS\System32\IMM32.DLL
0x00007ff960930000 - 0x00007ff960a1f000 	C:\Program Files\Java\jdk-10.0.1\bin\msvcr120.dll
0x00007ff9618d0000 - 0x00007ff961976000 	C:\Program Files\Java\jdk-10.0.1\bin\msvcp120.dll
0x0000000062b90000 - 0x0000000063600000 	C:\Program Files\Java\jdk-10.0.1\bin\server\jvm.dll
0x00007ff96fd70000 - 0x00007ff96fd78000 	C:\WINDOWS\System32\PSAPI.DLL
0x00007ff966dd0000 - 0x00007ff966dd9000 	C:\WINDOWS\SYSTEM32\WSOCK32.dll
0x00007ff971340000 - 0x00007ff9713ac000 	C:\WINDOWS\System32\WS2_32.dll
0x00007ff968330000 - 0x00007ff968353000 	C:\WINDOWS\SYSTEM32\WINMM.dll
0x00007ff9671c0000 - 0x00007ff9671ea000 	C:\WINDOWS\SYSTEM32\WINMMBASE.dll
0x00007ff96e6b0000 - 0x00007ff96e6f9000 	C:\WINDOWS\System32\cfgmgr32.dll
0x00007ff969db0000 - 0x00007ff969dbf000 	C:\Program Files\Java\jdk-10.0.1\bin\verify.dll
0x00007ff968140000 - 0x00007ff968309000 	C:\WINDOWS\SYSTEM32\DBGHELP.DLL
0x00007ff9683b0000 - 0x00007ff9683d9000 	C:\WINDOWS\SYSTEM32\dbgcore.DLL
0x00007ff9618a0000 - 0x00007ff9618c7000 	C:\Program Files\Java\jdk-10.0.1\bin\java.dll
0x00007ff960230000 - 0x00007ff960266000 	C:\Program Files\Java\jdk-10.0.1\bin\jdwp.dll
0x00007ff960900000 - 0x00007ff96092a000 	C:\Program Files\Java\jdk-10.0.1\bin\instrument.dll
0x00007ff961810000 - 0x00007ff961826000 	C:\Program Files\Java\jdk-10.0.1\bin\zip.dll
0x00007ff969da0000 - 0x00007ff969daa000 	C:\Program Files\Java\jdk-10.0.1\bin\jimage.dll
0x00007ff96ff00000 - 0x00007ff971340000 	C:\WINDOWS\System32\SHELL32.dll
0x00007ff9713b0000 - 0x00007ff971459000 	C:\WINDOWS\System32\shcore.dll
0x00007ff96edb0000 - 0x00007ff96f4bd000 	C:\WINDOWS\System32\windows.storage.dll
0x00007ff96fda0000 - 0x00007ff96fdf1000 	C:\WINDOWS\System32\shlwapi.dll
0x00007ff96e3a0000 - 0x00007ff96e3b1000 	C:\WINDOWS\System32\kernel.appcore.dll
0x00007ff96e3c0000 - 0x00007ff96e3df000 	C:\WINDOWS\System32\profapi.dll
0x00007ff96e350000 - 0x00007ff96e39c000 	C:\WINDOWS\System32\powrprof.dll
0x00007ff96e340000 - 0x00007ff96e34a000 	C:\WINDOWS\System32\FLTLIB.DLL
0x00007ff961800000 - 0x00007ff96180a000 	C:\Program Files\Java\jdk-10.0.1\bin\dt_socket.dll
0x00007ff96db60000 - 0x00007ff96dbc6000 	C:\WINDOWS\system32\mswsock.dll
0x00007ff960a50000 - 0x00007ff960a6a000 	C:\Program Files\Java\jdk-10.0.1\bin\net.dll
0x00007ff966620000 - 0x00007ff9666fc000 	C:\WINDOWS\SYSTEM32\WINHTTP.dll
0x00007ff960210000 - 0x00007ff960221000 	C:\Program Files\Java\jdk-10.0.1\bin\nio.dll
0x00007ff96dd20000 - 0x00007ff96dd37000 	C:\WINDOWS\SYSTEM32\CRYPTSP.dll
0x00007ff96d740000 - 0x00007ff96d773000 	C:\WINDOWS\system32\rsaenh.dll
0x00007ff96de40000 - 0x00007ff96de65000 	C:\WINDOWS\SYSTEM32\bcrypt.dll
0x00007ff96e240000 - 0x00007ff96e268000 	C:\WINDOWS\SYSTEM32\USERENV.dll
0x00007ff96dd10000 - 0x00007ff96dd1b000 	C:\WINDOWS\SYSTEM32\CRYPTBASE.dll
0x00007ff96d8e0000 - 0x00007ff96d918000 	C:\WINDOWS\SYSTEM32\IPHLPAPI.DLL
0x00007ff9719b0000 - 0x00007ff9719b8000 	C:\WINDOWS\System32\NSI.dll
0x00007ff968bc0000 - 0x00007ff968bd6000 	C:\WINDOWS\SYSTEM32\dhcpcsvc6.DLL
0x00007ff968ce0000 - 0x00007ff968cfa000 	C:\WINDOWS\SYSTEM32\dhcpcsvc.DLL

dbghelp: loaded successfully - version: 4.0.5 - missing functions: none
symbol engine: initialized successfully - sym options: 0x614 - pdb path: .;C:\Program Files\Java\jdk-10.0.1\bin;C:\WINDOWS\SYSTEM32;C:\WINDOWS\WinSxS\amd64_microsoft.windows.common-controls_6595b64144ccf1df_6.0.17134.165_none_fb429645306569ac;C:\Program Files\Java\jdk-10.0.1\bin\server

VM Arguments:
jvm_args: -agentlib:jdwp=transport=dt_socket,address=127.0.0.1:51347,suspend=y,server=n -ea -Didea.test.cyclic.buffer.size=1048576 -javaagent:C:\Users\RAHULK~1\AppData\Local\Temp\capture2jars\debugger-agent.jar=file:/C:/Users/RAHULK~1/AppData/Local/Temp/capture.props -Dfile.encoding=UTF-8 
java_command: org.testng.RemoteTestNGStarter -usedefaultlisteners false -socket51346 @w@C:\Users\RAHULK~1\AppData\Local\Temp\idea_working_dirs_testng1.tmp -temp C:\Users\RAHULK~1\AppData\Local\Temp\idea_testng1.tmp
java_class_path (initial): C:\Program Files\JetBrains\IntelliJ IDEA Community Edition 2018.1.5\lib\idea_rt.jar;C:\Program Files\JetBrains\IntelliJ IDEA Community Edition 2018.1.5\plugins\testng\lib\testng-plugin.jar;C:\Users\RAhul Krishna\IdeaProjects\Ess_Test\target\test-classes;C:\Users\RAhul Krishna\IdeaProjects\Ess_Test\target\classes;C:\Users\RAhul Krishna\.m2\repository\org\testng\testng\6.11\testng-6.11.jar;C:\Users\RAhul Krishna\.m2\repository\com\beust\jcommander\1.64\jcommander-1.64.jar;C:\Users\RAhul Krishna\.m2\repository\org\yaml\snakeyaml\1.17\snakeyaml-1.17.jar;C:\Users\RAhul Krishna\.m2\repository\org\seleniumhq\selenium\selenium-java\3.4.0\selenium-java-3.4.0.jar;C:\Users\RAhul Krishna\.m2\repository\org\seleniumhq\selenium\selenium-api\3.4.0\selenium-api-3.4.0.jar;C:\Users\RAhul Krishna\.m2\repository\org\seleniumhq\selenium\selenium-chrome-driver\3.4.0\selenium-chrome-driver-3.4.0.jar;C:\Users\RAhul Krishna\.m2\repository\org\seleniumhq\selenium\selenium-edge-driver\3.4.0\selenium-edge-driver-3.4.0.jar;C:\Users\RAhul Krishna\.m2\repository\org\seleniumhq\selenium\selenium-firefox-driver\3.4.0\selenium-firefox-driver-3.4.0.jar;C:\Users\RAhul Krishna\.m2\repository\org\seleniumhq\selenium\selenium-ie-driver\3.4.0\selenium-ie-driver-3.4.0.jar;C:\Users\RAhul Krishna\.m2\repository\org\seleniumhq\selenium\selenium-opera-driver\3.4.0\selenium-opera-driver-3.4.0.jar;C:\Users\RAhul Krishna\.m2\repository\org\seleniumhq\selenium\selenium-remote-driver\3.4.0\selenium-remote-driver-3.4.0.jar;C:\Users\RAhul Krishna\.m2\repository\org\seleniumhq\selenium\selenium-safari-driver\3.4.0\selenium-safari-driver-3.4.0.jar;C:\Users\RAhul Krishna\.m2\repository\org\seleniumhq\selenium\selenium-support\3.4.0\selenium-support-3.4.0.jar;C:\Users\RAhul Krishna\.m2\repository\cglib\cglib-nodep\3.2.4\cglib-nodep-3.2.4.jar;C:\Users\RAhul Krishna\.m2\repository\org\apache\commons\commons-exec\1.3\commons-exec-1.3.jar;C:\Users\RAhul Krishna\.m2\repository\org\apache\commons\c
Launcher Type: SUN_STANDARD

Logging:
Log output configuration:
#0: stdout all=warning uptime,level,tags
#1: stderr all=off uptime,level,tags

Environment Variables:
JAVA_HOME=C:\Program Files\Java\jdk-10.0.1
PATH=C:\Program Files (x86)\Common Files\Oracle\Java\javapath;C:\WINDOWS\system32;C:\WINDOWS;C:\WINDOWS\System32\Wbem;C:\WINDOWS\System32\WindowsPowerShell\v1.0\;C:\WINDOWS\System32\OpenSSH\;C:\Program Files (x86)\AMD\ATI.ACE\Core-Static;%JAVA_HOME %\bin;C:\Users\RAhul Krishna\AppData\Local\Microsoft\WindowsApps;
USERNAME=RAhul Krishna
OS=Windows_NT
PROCESSOR_IDENTIFIER=Intel64 Family 6 Model 58 Stepping 9, GenuineIntel



---------------  S Y S T E M  ---------------

OS: Windows 10 , 64 bit Build 17134 (10.0.17134.1)

CPU:total 4 (initial active 4) (2 cores per cpu, 2 threads per core) family 6 model 58 stepping 9, cmov, cx8, fxsr, mmx, sse, sse2, sse3, ssse3, sse4.1, sse4.2, popcnt, avx, clmul, erms, ht, tsc, tscinvbit, tscinv

Memory: 4k page, physical 4097304k(666108k free), swap 7837628k(1630160k free)

vm_info: Java HotSpot(TM) 64-Bit Server VM (10.0.1+10) for windows-amd64 JRE (10.0.1+10), built on Mar 27 2018 02:27:48 by "mach5one" with MS VC++ 12.0 (VS2013)

END.
