#
# A fatal error has been detected by the Java Runtime Environment:
#
#  EXCEPTION_ACCESS_VIOLATION (0xc0000005) at pc=0x0000000062ead7dc, pid=7900, tid=8804
#
# JRE version: Java(TM) SE Runtime Environment (10.0.1+10) (build 10.0.1+10)
# Java VM: Java HotSpot(TM) 64-Bit Server VM (10.0.1+10, mixed mode, tiered, compressed oops, g1 gc, windows-amd64)
# Problematic frame:
# V  [jvm.dll+0x31d7dc]
#
# No core dump will be written. Minidumps are not enabled by default on client versions of Windows
#
# If you would like to submit a bug report, please visit:
#   http://bugreport.java.com/bugreport/crash.jsp
#

---------------  S U M M A R Y ------------

Command Line: -agentlib:jdwp=transport=dt_socket,address=127.0.0.1:50637,suspend=y,server=n -ea -Didea.test.cyclic.buffer.size=1048576 -javaagent:C:\Users\RAHULK~1\AppData\Local\Temp\capture1jars\debugger-agent.jar=file:/C:/Users/RAHULK~1/AppData/Local/Temp/capture.props -Dfile.encoding=UTF-8 org.testng.RemoteTestNGStarter -usedefaultlisteners false -socket50632 @w@C:\Users\RAHULK~1\AppData\Local\Temp\idea_working_dirs_testng.tmp -temp C:\Users\RAHULK~1\AppData\Local\Temp\idea_testng.tmp

Host: Intel(R) Core(TM) i3-3227U CPU @ 1.90GHz, 4 cores, 3G,  Windows 10 , 64 bit Build 17134 (10.0.17134.1)
Time: Fri Jul 13 00:06:09 2018 India Standard Time elapsed time: 385 seconds (0d 0h 6m 25s)

---------------  T H R E A D  ---------------

Current thread (0x00000185aea38800):  VMThread "VM Thread" [stack: 0x00000036f4900000,0x00000036f4a00000] [id=8804]

Stack: [0x00000036f4900000,0x00000036f4a00000],  sp=0x00000036f49fe9d0,  free space=1018k
Native frames: (J=compiled Java code, j=interpreted, Vv=VM code, C=native code)
V  [jvm.dll+0x31d7dc]
V  [jvm.dll+0x31fb65]
V  [jvm.dll+0x32020a]
V  [jvm.dll+0x31d9a5]
V  [jvm.dll+0x31cd63]
V  [jvm.dll+0x590c0f]
V  [jvm.dll+0x590ff6]
V  [jvm.dll+0x590db6]
V  [jvm.dll+0x55c228]
V  [jvm.dll+0x473b9a]
V  [jvm.dll+0x6c485c]
V  [jvm.dll+0x6c2fc5]
V  [jvm.dll+0x6c37d0]
V  [jvm.dll+0x6c3b0c]
V  [jvm.dll+0x59f680]
C  [msvcr120.dll+0x24f7f]
C  [msvcr120.dll+0x25126]
C  [KERNEL32.DLL+0x13034]
C  [ntdll.dll+0x71431]


siginfo: EXCEPTION_ACCESS_VIOLATION (0xc0000005), reading address 0x0000000000000006


Register to memory mapping:

RIP=0x0000000062ead7dc jvm.dll
RAX=0x0000000000000000 is an unknown value
RBX=0x00000185afa87d88 is pointing into metadata
RCX=0x000000000000ae91 is an unknown value
RDX=0x0000000000000030 is an unknown value
RSP=0x00000036f49fe9d0 is an unknown value
RBP=0x0000000000000000 is an unknown value
RSI=0x000000006352ac28 jvm.dll
RDI=0x00000036f49fec70 is an unknown value
R8 =0x0000000000000000 is an unknown value
R9 =0x00000185afa87d88 is pointing into metadata
R10={method} {0x00000185afa88528} 'initialisation' '()V' in 'com/ess/qa/base/TestBase'
R11=0x00000036f49fea30 is an unknown value
R12=0x000000006330d601 jvm.dll
R13=0x0000000000000000 is an unknown value
R14=0x0000000000000001 is an unknown value
R15=0x0000000000000028 is an unknown value


Registers:
RAX=0x0000000000000000, RBX=0x00000185afa87d88, RCX=0x000000000000ae91, RDX=0x0000000000000030
RSP=0x00000036f49fe9d0, RBP=0x0000000000000000, RSI=0x000000006352ac28, RDI=0x00000036f49fec70
R8 =0x0000000000000000, R9 =0x00000185afa87d88, R10=0x00000185afa88520, R11=0x00000036f49fea30
R12=0x000000006330d601, R13=0x0000000000000000, R14=0x0000000000000001, R15=0x0000000000000028
RIP=0x0000000062ead7dc, EFLAGS=0x0000000000010206

Top of Stack: (sp=0x00000036f49fe9d0)
0x00000036f49fe9d0:   0000000000000022 0000000062eb10cd
0x00000036f49fe9e0:   00000036f49feb08 0000000000000000
0x00000036f49fe9f0:   0000000000000000 0000000062eb0deb
0x00000036f49fea00:   8fffffff46000028 8fffffff8fffffff
0x00000036f49fea10:   0000be1c1c9b2351 0000be1c1c9b2361
0x00000036f49fea20:   0000000000000001 00000036f49feac0
0x00000036f49fea30:   00000036f49fec70 0000000062eafb65
0x00000036f49fea40:   00000036f49fec08 000000000000002f
0x00000036f49fea50:   00000036f49feaf0 00000036f49fec70
0x00000036f49fea60:   000000000000002f 0000000000000000
0x00000036f49fea70:   0000000000000028 0000000000000032
0x00000036f49fea80:   00000185ae9d85e8 0000000062eb020a
0x00000036f49fea90:   00000036f49fec70 00000036f49feaf0
0x00000036f49feaa0:   0000000000000001 00000185ae9d85e8
0x00000036f49feab0:   0000000000006000 0000000062eb2071
0x00000036f49feac0:   00000185afa88520 00000185aea38800 

Instructions: (pc=0x0000000062ead7dc)
0x0000000062ead7bc:   8b cb e8 8d 11 f1 ff 48 8b cb 8b d0 e8 f3 38 f1
0x0000000062ead7cc:   ff 48 8d 35 54 d4 67 00 48 63 c8 48 8b 44 cb 40
0x0000000062ead7dc:   0f b6 48 06 8b 05 3e d4 67 00 80 f9 4c 74 2b 80
0x0000000062ead7ec:   f9 5b 74 26 80 f9 4a 74 18 80 f9 44 74 13 48 8d 


VM_Operation (0x00000036f52ff850): GetOrSetLocal, mode: safepoint, requested by thread 0x00000185aef48800


---------------  P R O C E S S  ---------------

Threads class SMR info:
_java_thread_list=0x00000185aee93420, length=14, elements={
0x000001858d57e800, 0x00000185aea4d000, 0x00000185aea4f000, 0x00000185aea46800,
0x00000185aea49800, 0x00000185aea9a800, 0x00000185aeaa8800, 0x00000185aeab2000,
0x00000185aeadd800, 0x00000185aef48800, 0x00000185aee11800, 0x00000185aef6a000,
0x00000185aee0e800, 0x00000185af088000
}

Java Threads: ( => current thread )
  0x000001858d57e800 JavaThread "main" [_thread_blocked, id=7288, stack(0x00000036f3d00000,0x00000036f3e00000)]
  0x00000185aea4d000 JavaThread "Reference Handler" daemon [_thread_blocked, id=936, stack(0x00000036f4a00000,0x00000036f4b00000)]
  0x00000185aea4f000 JavaThread "Finalizer" daemon [_thread_blocked, id=10756, stack(0x00000036f4b00000,0x00000036f4c00000)]
  0x00000185aea46800 JavaThread "Signal Dispatcher" daemon [_thread_blocked, id=8396, stack(0x00000036f4c00000,0x00000036f4d00000)]
  0x00000185aea49800 JavaThread "Attach Listener" daemon [_thread_blocked, id=5296, stack(0x00000036f4d00000,0x00000036f4e00000)]
  0x00000185aea9a800 JavaThread "C2 CompilerThread0" daemon [_thread_blocked, id=1184, stack(0x00000036f4e00000,0x00000036f4f00000)]
  0x00000185aeaa8800 JavaThread "C2 CompilerThread1" daemon [_thread_blocked, id=2072, stack(0x00000036f4f00000,0x00000036f5000000)]
  0x00000185aeab2000 JavaThread "C1 CompilerThread2" daemon [_thread_blocked, id=6496, stack(0x00000036f5000000,0x00000036f5100000)]
  0x00000185aeadd800 JavaThread "Sweeper thread" daemon [_thread_blocked, id=3980, stack(0x00000036f5100000,0x00000036f5200000)]
  0x00000185aef48800 JavaThread "JDWP Transport Listener: dt_socket" daemon [_thread_blocked, id=6356, stack(0x00000036f5200000,0x00000036f5300000)] _threads_hazard_ptr=0x00000185aee93420
  0x00000185aee11800 JavaThread "JDWP Event Helper Thread" daemon [_thread_blocked, id=10976, stack(0x00000036f5300000,0x00000036f5400000)]
  0x00000185aef6a000 JavaThread "JDWP Command Reader" daemon [_thread_in_native, id=6912, stack(0x00000036f5400000,0x00000036f5500000)]
  0x00000185aee0e800 JavaThread "Common-Cleaner" daemon [_thread_blocked, id=3292, stack(0x00000036f5500000,0x00000036f5600000)]
  0x00000185af088000 JavaThread "Service Thread" daemon [_thread_blocked, id=3496, stack(0x00000036f5600000,0x00000036f5700000)]

Other Threads:
=>0x00000185aea38800 VMThread "VM Thread" [stack: 0x00000036f4900000,0x00000036f4a00000] [id=8804]
  0x00000185af240000 WatcherThread [stack: 0x00000036f5700000,0x00000036f5800000] [id=808]
  0x000001858d597000 GCTaskThread "GC Thread#0" [stack: 0x00000036f3e00000,0x00000036f3f00000] [id=8048]
  0x000001858d598000 GCTaskThread "GC Thread#1" [stack: 0x00000036f3f00000,0x00000036f4000000] [id=6044]
  0x000001858d59a800 GCTaskThread "GC Thread#2" [stack: 0x00000036f4000000,0x00000036f4100000] [id=1196]
  0x000001858d59d000 GCTaskThread "GC Thread#3" [stack: 0x00000036f4100000,0x00000036f4200000] [id=2548]
  0x000001858d5e4000 ConcurrentGCThread "G1 Main Marker" [stack: 0x00000036f4200000,0x00000036f4300000] [id=2528]
  0x000001858d5e4800 ConcurrentGCThread "G1 Conc#0" [stack: 0x00000036f4300000,0x00000036f4400000] [id=7128]
  0x000001858d634000 ConcurrentGCThread "G1 Refine#0" [stack: 0x00000036f4400000,0x00000036f4500000] [id=5092]
  0x000001858d635000 ConcurrentGCThread "G1 Refine#1" [stack: 0x00000036f4500000,0x00000036f4600000] [id=3196]
  0x000001858d636000 ConcurrentGCThread "G1 Refine#2" [stack: 0x00000036f4600000,0x00000036f4700000] [id=2344]
  0x000001858d63a000 ConcurrentGCThread "G1 Refine#3" [stack: 0x00000036f4700000,0x00000036f4800000] [id=5588]
  0x000001858d63d000 ConcurrentGCThread "G1 Young RemSet Sampling" [stack: 0x00000036f4800000,0x00000036f4900000] [id=6544]

Threads with active compile tasks:

VM state:at safepoint (normal execution)

VM Mutex/Monitor currently owned by a thread:  ([mutex/lock_event])
[0x000001858d57d9a0] Threads_lock - owner thread: 0x00000185aea38800

Heap address: 0x00000000c1600000, size: 1002 MB, Compressed Oops mode: 32-bit
Narrow klass base: 0x0000000000000000, Narrow klass shift: 3
Compressed class space size: 1073741824 Address: 0x0000000100000000

Heap:
 garbage-first heap   total 65536K, used 13894K [0x00000000c1600000, 0x0000000100000000)
  region size 1024K, 8 young (8192K), 2 survivors (2048K)
 Metaspace       used 12447K, capacity 12624K, committed 12800K, reserved 1060864K
  class space    used 1166K, capacity 1229K, committed 1280K, reserved 1048576K
Heap Regions: E=young(eden), S=young(survivor), O=old, HS=humongous(starts), HC=humongous(continues), CS=collection set, F=free, A=archive, TS=gc time stamp, AC=allocation context, TAMS=top-at-mark-start (previous, next)
|   0|0x00000000c1600000, 0x00000000c1700000, 0x00000000c1700000|100%|HS|  |TS  0|AC  0|TAMS 0x00000000c1600000, 0x00000000c1600000|
|   1|0x00000000c1700000, 0x00000000c1800000, 0x00000000c1800000|100%|HS|  |TS  0|AC  0|TAMS 0x00000000c1700000, 0x00000000c1700000|
|   2|0x00000000c1800000, 0x00000000c1900000, 0x00000000c1900000|100%|HC|  |TS  0|AC  0|TAMS 0x00000000c1800000, 0x00000000c1800000|
|   3|0x00000000c1900000, 0x00000000c1a00000, 0x00000000c1a00000|100%|HC|  |TS  0|AC  0|TAMS 0x00000000c1900000, 0x00000000c1900000|
|   4|0x00000000c1a00000, 0x00000000c1b00000, 0x00000000c1b00000|100%| O|  |TS  1|AC  0|TAMS 0x00000000c1a00000, 0x00000000c1a00000|
|   5|0x00000000c1b00000, 0x00000000c1c00000, 0x00000000c1c00000|100%| O|  |TS  1|AC  0|TAMS 0x00000000c1b00000, 0x00000000c1b00000|
|   6|0x00000000c1c00000, 0x00000000c1c91a00, 0x00000000c1d00000| 56%| O|  |TS  1|AC  0|TAMS 0x00000000c1c00000, 0x00000000c1c00000|
|   7|0x00000000c1d00000, 0x00000000c1d00000, 0x00000000c1e00000|  0%| F|  |TS  0|AC  0|TAMS 0x00000000c1d00000, 0x00000000c1d00000|
|   8|0x00000000c1e00000, 0x00000000c1e00000, 0x00000000c1f00000|  0%| F|  |TS  0|AC  0|TAMS 0x00000000c1e00000, 0x00000000c1e00000|
|   9|0x00000000c1f00000, 0x00000000c1f00000, 0x00000000c2000000|  0%| F|  |TS  0|AC  0|TAMS 0x00000000c1f00000, 0x00000000c1f00000|
|  10|0x00000000c2000000, 0x00000000c2000000, 0x00000000c2100000|  0%| F|  |TS  0|AC  0|TAMS 0x00000000c2000000, 0x00000000c2000000|
|  11|0x00000000c2100000, 0x00000000c2100000, 0x00000000c2200000|  0%| F|  |TS  0|AC  0|TAMS 0x00000000c2100000, 0x00000000c2100000|
|  12|0x00000000c2200000, 0x00000000c2200000, 0x00000000c2300000|  0%| F|  |TS  0|AC  0|TAMS 0x00000000c2200000, 0x00000000c2200000|
|  13|0x00000000c2300000, 0x00000000c2300000, 0x00000000c2400000|  0%| F|  |TS  0|AC  0|TAMS 0x00000000c2300000, 0x00000000c2300000|
|  14|0x00000000c2400000, 0x00000000c2400000, 0x00000000c2500000|  0%| F|  |TS  0|AC  0|TAMS 0x00000000c2400000, 0x00000000c2400000|
|  15|0x00000000c2500000, 0x00000000c2500000, 0x00000000c2600000|  0%| F|  |TS  0|AC  0|TAMS 0x00000000c2500000, 0x00000000c2500000|
|  16|0x00000000c2600000, 0x00000000c2600000, 0x00000000c2700000|  0%| F|  |TS  0|AC  0|TAMS 0x00000000c2600000, 0x00000000c2600000|
|  17|0x00000000c2700000, 0x00000000c2700000, 0x00000000c2800000|  0%| F|  |TS  0|AC  0|TAMS 0x00000000c2700000, 0x00000000c2700000|
|  18|0x00000000c2800000, 0x00000000c2800000, 0x00000000c2900000|  0%| F|  |TS  0|AC  0|TAMS 0x00000000c2800000, 0x00000000c2800000|
|  19|0x00000000c2900000, 0x00000000c2900000, 0x00000000c2a00000|  0%| F|  |TS  0|AC  0|TAMS 0x00000000c2900000, 0x00000000c2900000|
|  20|0x00000000c2a00000, 0x00000000c2a00000, 0x00000000c2b00000|  0%| F|  |TS  0|AC  0|TAMS 0x00000000c2a00000, 0x00000000c2a00000|
|  21|0x00000000c2b00000, 0x00000000c2b00000, 0x00000000c2c00000|  0%| F|  |TS  0|AC  0|TAMS 0x00000000c2b00000, 0x00000000c2b00000|
|  22|0x00000000c2c00000, 0x00000000c2c00000, 0x00000000c2d00000|  0%| F|  |TS  0|AC  0|TAMS 0x00000000c2c00000, 0x00000000c2c00000|
|  23|0x00000000c2d00000, 0x00000000c2d00000, 0x00000000c2e00000|  0%| F|  |TS  0|AC  0|TAMS 0x00000000c2d00000, 0x00000000c2d00000|
|  24|0x00000000c2e00000, 0x00000000c2e00000, 0x00000000c2f00000|  0%| F|  |TS  0|AC  0|TAMS 0x00000000c2e00000, 0x00000000c2e00000|
|  25|0x00000000c2f00000, 0x00000000c2f00000, 0x00000000c3000000|  0%| F|  |TS  0|AC  0|TAMS 0x00000000c2f00000, 0x00000000c2f00000|
|  26|0x00000000c3000000, 0x00000000c3000000, 0x00000000c3100000|  0%| F|  |TS  0|AC  0|TAMS 0x00000000c3000000, 0x00000000c3000000|
|  27|0x00000000c3100000, 0x00000000c3100000, 0x00000000c3200000|  0%| F|  |TS  0|AC  0|TAMS 0x00000000c3100000, 0x00000000c3100000|
|  28|0x00000000c3200000, 0x00000000c3200000, 0x00000000c3300000|  0%| F|  |TS  0|AC  0|TAMS 0x00000000c3200000, 0x00000000c3200000|
|  29|0x00000000c3300000, 0x00000000c3300000, 0x00000000c3400000|  0%| F|  |TS  0|AC  0|TAMS 0x00000000c3300000, 0x00000000c3300000|
|  30|0x00000000c3400000, 0x00000000c3400000, 0x00000000c3500000|  0%| F|  |TS  0|AC  0|TAMS 0x00000000c3400000, 0x00000000c3400000|
|  31|0x00000000c3500000, 0x00000000c3500000, 0x00000000c3600000|  0%| F|  |TS  0|AC  0|TAMS 0x00000000c3500000, 0x00000000c3500000|
|  32|0x00000000c3600000, 0x00000000c3600000, 0x00000000c3700000|  0%| F|  |TS  0|AC  0|TAMS 0x00000000c3600000, 0x00000000c3600000|
|  33|0x00000000c3700000, 0x00000000c3700000, 0x00000000c3800000|  0%| F|  |TS  0|AC  0|TAMS 0x00000000c3700000, 0x00000000c3700000|
|  34|0x00000000c3800000, 0x00000000c3800000, 0x00000000c3900000|  0%| F|  |TS  0|AC  0|TAMS 0x00000000c3800000, 0x00000000c3800000|
|  35|0x00000000c3900000, 0x00000000c3900000, 0x00000000c3a00000|  0%| F|  |TS  0|AC  0|TAMS 0x00000000c3900000, 0x00000000c3900000|
|  36|0x00000000c3a00000, 0x00000000c3a00000, 0x00000000c3b00000|  0%| F|  |TS  0|AC  0|TAMS 0x00000000c3a00000, 0x00000000c3a00000|
|  37|0x00000000c3b00000, 0x00000000c3b00000, 0x00000000c3c00000|  0%| F|  |TS  0|AC  0|TAMS 0x00000000c3b00000, 0x00000000c3b00000|
|  38|0x00000000c3c00000, 0x00000000c3c00000, 0x00000000c3d00000|  0%| F|  |TS  0|AC  0|TAMS 0x00000000c3c00000, 0x00000000c3c00000|
|  39|0x00000000c3d00000, 0x00000000c3d00000, 0x00000000c3e00000|  0%| F|  |TS  0|AC  0|TAMS 0x00000000c3d00000, 0x00000000c3d00000|
|  40|0x00000000c3e00000, 0x00000000c3e00000, 0x00000000c3f00000|  0%| F|  |TS  0|AC  0|TAMS 0x00000000c3e00000, 0x00000000c3e00000|
|  41|0x00000000c3f00000, 0x00000000c3f00000, 0x00000000c4000000|  0%| F|  |TS  0|AC  0|TAMS 0x00000000c3f00000, 0x00000000c3f00000|
|  42|0x00000000c4000000, 0x00000000c4000000, 0x00000000c4100000|  0%| F|  |TS  0|AC  0|TAMS 0x00000000c4000000, 0x00000000c4000000|
|  43|0x00000000c4100000, 0x00000000c4100000, 0x00000000c4200000|  0%| F|  |TS  0|AC  0|TAMS 0x00000000c4100000, 0x00000000c4100000|
|  44|0x00000000c4200000, 0x00000000c4200000, 0x00000000c4300000|  0%| F|  |TS  0|AC  0|TAMS 0x00000000c4200000, 0x00000000c4200000|
|  45|0x00000000c4300000, 0x00000000c4300000, 0x00000000c4400000|  0%| F|  |TS  0|AC  0|TAMS 0x00000000c4300000, 0x00000000c4300000|
|  46|0x00000000c4400000, 0x00000000c4400000, 0x00000000c4500000|  0%| F|  |TS  0|AC  0|TAMS 0x00000000c4400000, 0x00000000c4400000|
|  47|0x00000000c4500000, 0x00000000c4500000, 0x00000000c4600000|  0%| F|  |TS  0|AC  0|TAMS 0x00000000c4500000, 0x00000000c4500000|
|  48|0x00000000c4600000, 0x00000000c4700000, 0x00000000c4700000|100%| S|CS|TS  1|AC  0|TAMS 0x00000000c4600000, 0x00000000c4600000|
|  49|0x00000000c4700000, 0x00000000c4800000, 0x00000000c4800000|100%| S|CS|TS  1|AC  0|TAMS 0x00000000c4700000, 0x00000000c4700000|
|  50|0x00000000c4800000, 0x00000000c4800000, 0x00000000c4900000|  0%| F|  |TS  1|AC  0|TAMS 0x00000000c4800000, 0x00000000c4800000|
|  51|0x00000000c4900000, 0x00000000c4900000, 0x00000000c4a00000|  0%| F|  |TS  1|AC  0|TAMS 0x00000000c4900000, 0x00000000c4900000|
|  52|0x00000000c4a00000, 0x00000000c4a00000, 0x00000000c4b00000|  0%| F|  |TS  1|AC  0|TAMS 0x00000000c4a00000, 0x00000000c4a00000|
|  53|0x00000000c4b00000, 0x00000000c4b00000, 0x00000000c4c00000|  0%| F|  |TS  1|AC  0|TAMS 0x00000000c4b00000, 0x00000000c4b00000|
|  54|0x00000000c4c00000, 0x00000000c4c00000, 0x00000000c4d00000|  0%| F|  |TS  1|AC  0|TAMS 0x00000000c4c00000, 0x00000000c4c00000|
|  55|0x00000000c4d00000, 0x00000000c4d00000, 0x00000000c4e00000|  0%| F|  |TS  1|AC  0|TAMS 0x00000000c4d00000, 0x00000000c4d00000|
|  56|0x00000000c4e00000, 0x00000000c4e00000, 0x00000000c4f00000|  0%| F|  |TS  1|AC  0|TAMS 0x00000000c4e00000, 0x00000000c4e00000|
|  57|0x00000000c4f00000, 0x00000000c4f00000, 0x00000000c5000000|  0%| F|  |TS  1|AC  0|TAMS 0x00000000c4f00000, 0x00000000c4f00000|
|  58|0x00000000c5000000, 0x00000000c50d48b8, 0x00000000c5100000| 83%| E|  |TS  1|AC  0|TAMS 0x00000000c5000000, 0x00000000c5000000|
|  59|0x00000000c5100000, 0x00000000c5200000, 0x00000000c5200000|100%| E|CS|TS  1|AC  0|TAMS 0x00000000c5100000, 0x00000000c5100000|
|  60|0x00000000c5200000, 0x00000000c5300000, 0x00000000c5300000|100%| E|CS|TS  1|AC  0|TAMS 0x00000000c5200000, 0x00000000c5200000|
|  61|0x00000000c5300000, 0x00000000c5400000, 0x00000000c5400000|100%| E|CS|TS  1|AC  0|TAMS 0x00000000c5300000, 0x00000000c5300000|
|  62|0x00000000c5400000, 0x00000000c5500000, 0x00000000c5500000|100%| E|CS|TS  1|AC  0|TAMS 0x00000000c5400000, 0x00000000c5400000|
|  63|0x00000000c5500000, 0x00000000c5600000, 0x00000000c5600000|100%| E|CS|TS  1|AC  0|TAMS 0x00000000c5500000, 0x00000000c5500000|

Card table byte_map: [0x00000185a98f0000,0x00000185a9af0000] byte_map_base: 0x00000185a92e5000

Marking Bits (Prev, Next): (CMBitMap*) 0x000001858d5e3440, (CMBitMap*) 0x000001858d5e3478
 Prev Bits: [0x00000185a9cf0000, 0x00000185aac98000)
 Next Bits: [0x00000185aaca0000, 0x00000185abc48000)

Polling page: 0x000001858d340000

CodeHeap 'non-profiled nmethods': size=120064Kb used=388Kb max_used=388Kb free=119675Kb
 bounds [0x00000185a1b80000, 0x00000185a1df0000, 0x00000185a90c0000]
CodeHeap 'profiled nmethods': size=120000Kb used=1921Kb max_used=1921Kb free=118078Kb
 bounds [0x000001859a650000, 0x000001859a8c0000, 0x00000185a1b80000]
CodeHeap 'non-nmethods': size=5696Kb used=1159Kb max_used=1176Kb free=4536Kb
 bounds [0x000001859a0c0000, 0x000001859a330000, 0x000001859a650000]
 total_blobs=1692 nmethods=1076 adapters=299
 compilation: enabled

Compilation events (10 events):
Event: 3.522 Thread 0x00000185aeab2000 1072       3       java.lang.ClassLoader::checkPackageAccess (102 bytes)
Event: 3.526 Thread 0x00000185aeab2000 nmethod 1072 0x000001859a82b790 code [0x000001859a82bb60, 0x000001859a82d690]
Event: 3.535 Thread 0x00000185aeab2000 1073       3       java.lang.Class::privateGetDeclaredMethods (64 bytes)
Event: 3.536 Thread 0x00000185aeab2000 nmethod 1073 0x000001859a82e090 code [0x000001859a82e2c0, 0x000001859a82eaa0]
Event: 3.541 Thread 0x00000185aeaa8800 1074       4       sun.net.www.ParseUtil::firstEncodeIndex (98 bytes)
Event: 3.544 Thread 0x00000185aeab2000 1075       3       java.util.zip.ZipFile$ZipFileInputStream::initDataOffset (109 bytes)
Event: 3.546 Thread 0x00000185aeab2000 nmethod 1075 0x000001859a82ed10 code [0x000001859a82ef60, 0x000001859a82f7f0]
Event: 3.546 Thread 0x00000185aeab2000 1076   !   3       java.util.zip.ZipFile$Source::readAt (39 bytes)
Event: 3.547 Thread 0x00000185aeab2000 nmethod 1076 0x000001859a82fb90 code [0x000001859a82fda0, 0x000001859a8303b0]
Event: 3.550 Thread 0x00000185aeaa8800 nmethod 1074 0x00000185a1be0a90 code [0x00000185a1be0c40, 0x00000185a1be0f68]

GC Heap History (2 events):
Event: 2.586 GC heap before
{Heap before GC invocations=0 (full 0):
 garbage-first heap   total 65536K, used 18432K [0x00000000c1600000, 0x0000000100000000)
  region size 1024K, 14 young (14336K), 0 survivors (0K)
 Metaspace       used 10720K, capacity 10906K, committed 11136K, reserved 1058816K
  class space    used 982K, capacity 1061K, committed 1152K, reserved 1048576K
}
Event: 2.594 GC heap after
{Heap after GC invocations=1 (full 0):
 garbage-first heap   total 65536K, used 8774K [0x00000000c1600000, 0x0000000100000000)
  region size 1024K, 2 young (2048K), 2 survivors (2048K)
 Metaspace       used 10720K, capacity 10906K, committed 11136K, reserved 1058816K
  class space    used 982K, capacity 1061K, committed 1152K, reserved 1048576K
}

Deoptimization events (10 events):
Event: 1.013 Thread 0x000001858d57e800 Uncommon trap: reason=unstable_if action=reinterpret pc=0x00000185a1b8327c method=java.lang.String.isLatin1()Z @ 10 c2
Event: 1.228 Thread 0x000001858d57e800 Uncommon trap: reason=unstable_fused_if action=reinterpret pc=0x00000185a1b90438 method=java.util.HashMap.resize()[Ljava/util/HashMap$Node; @ 31 c2
Event: 1.443 Thread 0x000001858d57e800 Uncommon trap: reason=unstable_if action=reinterpret pc=0x00000185a1b824f4 method=java.lang.String.isLatin1()Z @ 10 c2
Event: 2.078 Thread 0x000001858d57e800 Uncommon trap: reason=unstable_if action=reinterpret pc=0x00000185a1ba2924 method=java.util.HashMap.getNode(ILjava/lang/Object;)Ljava/util/HashMap$Node; @ 62 c2
Event: 2.138 Thread 0x000001858d57e800 Uncommon trap: reason=class_check action=maybe_recompile pc=0x00000185a1bb6a0c method=java.util.HashMap.putVal(ILjava/lang/Object;Ljava/lang/Object;ZZ)Ljava/lang/Object; @ 91 c2
Event: 2.138 Thread 0x000001858d57e800 Uncommon trap: reason=class_check action=maybe_recompile pc=0x00000185a1bb6a0c method=java.util.HashMap.putVal(ILjava/lang/Object;Ljava/lang/Object;ZZ)Ljava/lang/Object; @ 91 c2
Event: 2.138 Thread 0x000001858d57e800 Uncommon trap: reason=class_check action=maybe_recompile pc=0x00000185a1bb6a0c method=java.util.HashMap.putVal(ILjava/lang/Object;Ljava/lang/Object;ZZ)Ljava/lang/Object; @ 91 c2
Event: 2.139 Thread 0x000001858d57e800 Uncommon trap: reason=class_check action=maybe_recompile pc=0x00000185a1bb6a0c method=java.util.HashMap.putVal(ILjava/lang/Object;Ljava/lang/Object;ZZ)Ljava/lang/Object; @ 91 c2
Event: 2.280 Thread 0x000001858d57e800 Uncommon trap: reason=unstable_if action=reinterpret pc=0x00000185a1ba9990 method=java.lang.StringLatin1.indexOf([BI[BII)I @ 91 c2
Event: 2.533 Thread 0x000001858d57e800 Uncommon trap: reason=unstable_if action=reinterpret pc=0x00000185a1b97180 method=java.io.WinNTFileSystem.isSlash(C)Z @ 9 c2

Classes redefined (2 events):
Event: 98.990 Thread 0x00000185aea38800 redefined class name=com.ess.qa.base.TestBase, count=1
Event: 384.719 Thread 0x00000185aea38800 redefined class name=com.ess.qa.base.TestBase, count=2

Internal exceptions (10 events):
Event: 2.405 Thread 0x000001858d57e800 Exception <a 'java/lang/NoSuchMethodError'{0x00000000c494f160}: java.lang.invoke.DelegatingMethodHandle$Holder.reinvoke_L(Ljava/lang/Object;IILjava/lang/Object;Ljava/lang/Object;Ljava/lang/Object;)Ljava/lang/Object;> (0x00000000c494f160) thrown at [t:/wor
Event: 2.407 Thread 0x000001858d57e800 Exception <a 'java/lang/NoSuchMethodError'{0x00000000c49546c0}: java.lang.invoke.DirectMethodHandle$Holder.invokeStatic(Ljava/lang/Object;Ljava/lang/Object;Ljava/lang/Object;Ljava/lang/Object;I)Ljava/lang/Object;> (0x00000000c49546c0) thrown at [t:/worksp
Event: 2.419 Thread 0x000001858d57e800 Exception <a 'java/lang/NoSuchMethodError'{0x00000000c496fd00}: method resolution failed> (0x00000000c496fd00) thrown at [t:/workspace/open/src/hotspot/share/prims/methodHandles.cpp, line 1226]
Event: 2.429 Thread 0x000001858d57e800 Exception <a 'java/lang/NoSuchMethodError'{0x00000000c4986fd8}: method resolution failed> (0x00000000c4986fd8) thrown at [t:/workspace/open/src/hotspot/share/prims/methodHandles.cpp, line 1226]
Event: 2.435 Thread 0x000001858d57e800 Exception <a 'java/lang/NoSuchMethodError'{0x00000000c499fc88}: method resolution failed> (0x00000000c499fc88) thrown at [t:/workspace/open/src/hotspot/share/prims/methodHandles.cpp, line 1226]
Event: 2.442 Thread 0x000001858d57e800 Exception <a 'java/lang/NoSuchMethodError'{0x00000000c49ba198}: method resolution failed> (0x00000000c49ba198) thrown at [t:/workspace/open/src/hotspot/share/prims/methodHandles.cpp, line 1226]
Event: 2.650 Thread 0x000001858d57e800 Exception <a 'java/lang/NoSuchMethodError'{0x00000000c5580528}: method resolution failed> (0x00000000c5580528) thrown at [t:/workspace/open/src/hotspot/share/prims/methodHandles.cpp, line 1226]
Event: 2.651 Thread 0x000001858d57e800 Exception <a 'java/lang/NoSuchMethodError'{0x00000000c55d59c0}: java.lang.invoke.DirectMethodHandle$Holder.invokeStaticInit(Ljava/lang/Object;IIII)Ljava/lang/Object;> (0x00000000c55d59c0) thrown at [t:/workspace/open/src/hotspot/share/interpreter/linkReso
Event: 2.969 Thread 0x000001858d57e800 Exception <a 'java/lang/NoSuchMethodError'{0x00000000c5403600}: method resolution failed> (0x00000000c5403600) thrown at [t:/workspace/open/src/hotspot/share/prims/methodHandles.cpp, line 1226]
Event: 2.970 Thread 0x000001858d57e800 Exception <a 'java/lang/NoSuchMethodError'{0x00000000c5406bf8}: java.lang.invoke.DirectMethodHandle$Holder.invokeStaticInit(Ljava/lang/Object;Ljava/lang/Object;IIII)Ljava/lang/Object;> (0x00000000c5406bf8) thrown at [t:/workspace/open/src/hotspot/share/in

Events (10 events):
Event: 384.984 Executing VM operation: GetOrSetLocal done
Event: 385.026 Executing VM operation: GetFrameCount
Event: 385.026 Executing VM operation: GetFrameCount done
Event: 385.026 Executing VM operation: GetFrameLocation
Event: 385.026 Executing VM operation: GetFrameLocation done
Event: 385.026 Executing VM operation: GetFrameLocation
Event: 385.026 Executing VM operation: GetFrameLocation done
Event: 385.026 Executing VM operation: GetOrSetLocal
Event: 385.027 Executing VM operation: GetOrSetLocal done
Event: 385.036 Executing VM operation: GetOrSetLocal


Dynamic libraries:
0x00007ff73c7d0000 - 0x00007ff73c80e000 	C:\Program Files\Java\jdk-10.0.1\bin\java.exe
0x00007ff972030000 - 0x00007ff972211000 	C:\WINDOWS\SYSTEM32\ntdll.dll
0x00007ff96fcb0000 - 0x00007ff96fd62000 	C:\WINDOWS\System32\KERNEL32.DLL
0x00007ff96eab0000 - 0x00007ff96ed23000 	C:\WINDOWS\System32\KERNELBASE.dll
0x00007ff971cc0000 - 0x00007ff971d61000 	C:\WINDOWS\System32\ADVAPI32.dll
0x00007ff96fe60000 - 0x00007ff96fefe000 	C:\WINDOWS\System32\msvcrt.dll
0x00007ff96fe00000 - 0x00007ff96fe5b000 	C:\WINDOWS\System32\sechost.dll
0x00007ff96fb80000 - 0x00007ff96fca4000 	C:\WINDOWS\System32\RPCRT4.dll
0x00007ff971820000 - 0x00007ff9719b0000 	C:\WINDOWS\System32\USER32.dll
0x00007ff96ea90000 - 0x00007ff96eab0000 	C:\WINDOWS\System32\win32u.dll
0x00007ff971790000 - 0x00007ff9717b8000 	C:\WINDOWS\System32\GDI32.dll
0x00007ff96e510000 - 0x00007ff96e6a2000 	C:\WINDOWS\System32\gdi32full.dll
0x00007ff96e8f0000 - 0x00007ff96e98f000 	C:\WINDOWS\System32\msvcp_win.dll
0x00007ff96e990000 - 0x00007ff96ea8a000 	C:\WINDOWS\System32\ucrtbase.dll
0x00007ff9663b0000 - 0x00007ff966619000 	C:\WINDOWS\WinSxS\amd64_microsoft.windows.common-controls_6595b64144ccf1df_6.0.17134.165_none_fb429645306569ac\COMCTL32.dll
0x00007ff964960000 - 0x00007ff96496a000 	C:\WINDOWS\SYSTEM32\VERSION.dll
0x00007ff971460000 - 0x00007ff971783000 	C:\WINDOWS\System32\combase.dll
0x00007ff96ed30000 - 0x00007ff96edaa000 	C:\WINDOWS\System32\bcryptPrimitives.dll
0x00007ff971c90000 - 0x00007ff971cbd000 	C:\WINDOWS\System32\IMM32.DLL
0x00007ff960930000 - 0x00007ff960a1f000 	C:\Program Files\Java\jdk-10.0.1\bin\msvcr120.dll
0x00007ff9618d0000 - 0x00007ff961976000 	C:\Program Files\Java\jdk-10.0.1\bin\msvcp120.dll
0x0000000062b90000 - 0x0000000063600000 	C:\Program Files\Java\jdk-10.0.1\bin\server\jvm.dll
0x00007ff96fd70000 - 0x00007ff96fd78000 	C:\WINDOWS\System32\PSAPI.DLL
0x00007ff966dd0000 - 0x00007ff966dd9000 	C:\WINDOWS\SYSTEM32\WSOCK32.dll
0x00007ff971340000 - 0x00007ff9713ac000 	C:\WINDOWS\System32\WS2_32.dll
0x00007ff968330000 - 0x00007ff968353000 	C:\WINDOWS\SYSTEM32\WINMM.dll
0x00007ff9671c0000 - 0x00007ff9671ea000 	C:\WINDOWS\SYSTEM32\WINMMBASE.dll
0x00007ff96e6b0000 - 0x00007ff96e6f9000 	C:\WINDOWS\System32\cfgmgr32.dll
0x00007ff969db0000 - 0x00007ff969dbf000 	C:\Program Files\Java\jdk-10.0.1\bin\verify.dll
0x00007ff968140000 - 0x00007ff968309000 	C:\WINDOWS\SYSTEM32\DBGHELP.DLL
0x00007ff9683b0000 - 0x00007ff9683d9000 	C:\WINDOWS\SYSTEM32\dbgcore.DLL
0x00007ff9618a0000 - 0x00007ff9618c7000 	C:\Program Files\Java\jdk-10.0.1\bin\java.dll
0x00007ff960230000 - 0x00007ff960266000 	C:\Program Files\Java\jdk-10.0.1\bin\jdwp.dll
0x00007ff960900000 - 0x00007ff96092a000 	C:\Program Files\Java\jdk-10.0.1\bin\instrument.dll
0x00007ff961810000 - 0x00007ff961826000 	C:\Program Files\Java\jdk-10.0.1\bin\zip.dll
0x00007ff969da0000 - 0x00007ff969daa000 	C:\Program Files\Java\jdk-10.0.1\bin\jimage.dll
0x00007ff96ff00000 - 0x00007ff971340000 	C:\WINDOWS\System32\SHELL32.dll
0x00007ff9713b0000 - 0x00007ff971459000 	C:\WINDOWS\System32\shcore.dll
0x00007ff96edb0000 - 0x00007ff96f4bd000 	C:\WINDOWS\System32\windows.storage.dll
0x00007ff96fda0000 - 0x00007ff96fdf1000 	C:\WINDOWS\System32\shlwapi.dll
0x00007ff96e3a0000 - 0x00007ff96e3b1000 	C:\WINDOWS\System32\kernel.appcore.dll
0x00007ff96e3c0000 - 0x00007ff96e3df000 	C:\WINDOWS\System32\profapi.dll
0x00007ff96e350000 - 0x00007ff96e39c000 	C:\WINDOWS\System32\powrprof.dll
0x00007ff96e340000 - 0x00007ff96e34a000 	C:\WINDOWS\System32\FLTLIB.DLL
0x00007ff961800000 - 0x00007ff96180a000 	C:\Program Files\Java\jdk-10.0.1\bin\dt_socket.dll
0x00007ff96db60000 - 0x00007ff96dbc6000 	C:\WINDOWS\system32\mswsock.dll
0x00007ff960a50000 - 0x00007ff960a6a000 	C:\Program Files\Java\jdk-10.0.1\bin\net.dll
0x00007ff966620000 - 0x00007ff9666fc000 	C:\WINDOWS\SYSTEM32\WINHTTP.dll
0x00007ff960210000 - 0x00007ff960221000 	C:\Program Files\Java\jdk-10.0.1\bin\nio.dll
0x00007ff96dd20000 - 0x00007ff96dd37000 	C:\WINDOWS\SYSTEM32\CRYPTSP.dll
0x00007ff96d740000 - 0x00007ff96d773000 	C:\WINDOWS\system32\rsaenh.dll
0x00007ff96de40000 - 0x00007ff96de65000 	C:\WINDOWS\SYSTEM32\bcrypt.dll
0x00007ff96e240000 - 0x00007ff96e268000 	C:\WINDOWS\SYSTEM32\USERENV.dll
0x00007ff96dd10000 - 0x00007ff96dd1b000 	C:\WINDOWS\SYSTEM32\CRYPTBASE.dll
0x00007ff96d8e0000 - 0x00007ff96d918000 	C:\WINDOWS\SYSTEM32\IPHLPAPI.DLL
0x00007ff9719b0000 - 0x00007ff9719b8000 	C:\WINDOWS\System32\NSI.dll
0x00007ff968bc0000 - 0x00007ff968bd6000 	C:\WINDOWS\SYSTEM32\dhcpcsvc6.DLL
0x00007ff968ce0000 - 0x00007ff968cfa000 	C:\WINDOWS\SYSTEM32\dhcpcsvc.DLL

dbghelp: loaded successfully - version: 4.0.5 - missing functions: none
symbol engine: initialized successfully - sym options: 0x614 - pdb path: .;C:\Program Files\Java\jdk-10.0.1\bin;C:\WINDOWS\SYSTEM32;C:\WINDOWS\WinSxS\amd64_microsoft.windows.common-controls_6595b64144ccf1df_6.0.17134.165_none_fb429645306569ac;C:\Program Files\Java\jdk-10.0.1\bin\server

VM Arguments:
jvm_args: -agentlib:jdwp=transport=dt_socket,address=127.0.0.1:50637,suspend=y,server=n -ea -Didea.test.cyclic.buffer.size=1048576 -javaagent:C:\Users\RAHULK~1\AppData\Local\Temp\capture1jars\debugger-agent.jar=file:/C:/Users/RAHULK~1/AppData/Local/Temp/capture.props -Dfile.encoding=UTF-8 
java_command: org.testng.RemoteTestNGStarter -usedefaultlisteners false -socket50632 @w@C:\Users\RAHULK~1\AppData\Local\Temp\idea_working_dirs_testng.tmp -temp C:\Users\RAHULK~1\AppData\Local\Temp\idea_testng.tmp
java_class_path (initial): C:\Program Files\JetBrains\IntelliJ IDEA Community Edition 2018.1.5\lib\idea_rt.jar;C:\Program Files\JetBrains\IntelliJ IDEA Community Edition 2018.1.5\plugins\testng\lib\testng-plugin.jar;C:\Users\RAhul Krishna\IdeaProjects\Ess_Test\target\test-classes;C:\Users\RAhul Krishna\IdeaProjects\Ess_Test\target\classes;C:\Users\RAhul Krishna\.m2\repository\org\testng\testng\6.11\testng-6.11.jar;C:\Users\RAhul Krishna\.m2\repository\com\beust\jcommander\1.64\jcommander-1.64.jar;C:\Users\RAhul Krishna\.m2\repository\org\yaml\snakeyaml\1.17\snakeyaml-1.17.jar;C:\Users\RAhul Krishna\.m2\repository\org\seleniumhq\selenium\selenium-java\3.4.0\selenium-java-3.4.0.jar;C:\Users\RAhul Krishna\.m2\repository\org\seleniumhq\selenium\selenium-api\3.4.0\selenium-api-3.4.0.jar;C:\Users\RAhul Krishna\.m2\repository\org\seleniumhq\selenium\selenium-chrome-driver\3.4.0\selenium-chrome-driver-3.4.0.jar;C:\Users\RAhul Krishna\.m2\repository\org\seleniumhq\selenium\selenium-edge-driver\3.4.0\selenium-edge-driver-3.4.0.jar;C:\Users\RAhul Krishna\.m2\repository\org\seleniumhq\selenium\selenium-firefox-driver\3.4.0\selenium-firefox-driver-3.4.0.jar;C:\Users\RAhul Krishna\.m2\repository\org\seleniumhq\selenium\selenium-ie-driver\3.4.0\selenium-ie-driver-3.4.0.jar;C:\Users\RAhul Krishna\.m2\repository\org\seleniumhq\selenium\selenium-opera-driver\3.4.0\selenium-opera-driver-3.4.0.jar;C:\Users\RAhul Krishna\.m2\repository\org\seleniumhq\selenium\selenium-remote-driver\3.4.0\selenium-remote-driver-3.4.0.jar;C:\Users\RAhul Krishna\.m2\repository\org\seleniumhq\selenium\selenium-safari-driver\3.4.0\selenium-safari-driver-3.4.0.jar;C:\Users\RAhul Krishna\.m2\repository\org\seleniumhq\selenium\selenium-support\3.4.0\selenium-support-3.4.0.jar;C:\Users\RAhul Krishna\.m2\repository\cglib\cglib-nodep\3.2.4\cglib-nodep-3.2.4.jar;C:\Users\RAhul Krishna\.m2\repository\org\apache\commons\commons-exec\1.3\commons-exec-1.3.jar;C:\Users\RAhul Krishna\.m2\repository\org\apache\commons\c
Launcher Type: SUN_STANDARD

Logging:
Log output configuration:
#0: stdout all=warning uptime,level,tags
#1: stderr all=off uptime,level,tags

Environment Variables:
JAVA_HOME=C:\Program Files\Java\jdk-10.0.1
PATH=C:\Program Files (x86)\Common Files\Oracle\Java\javapath;C:\WINDOWS\system32;C:\WINDOWS;C:\WINDOWS\System32\Wbem;C:\WINDOWS\System32\WindowsPowerShell\v1.0\;C:\WINDOWS\System32\OpenSSH\;C:\Program Files (x86)\AMD\ATI.ACE\Core-Static;%JAVA_HOME %\bin;C:\Users\RAhul Krishna\AppData\Local\Microsoft\WindowsApps;
USERNAME=RAhul Krishna
OS=Windows_NT
PROCESSOR_IDENTIFIER=Intel64 Family 6 Model 58 Stepping 9, GenuineIntel



---------------  S Y S T E M  ---------------

OS: Windows 10 , 64 bit Build 17134 (10.0.17134.1)

CPU:total 4 (initial active 4) (2 cores per cpu, 2 threads per core) family 6 model 58 stepping 9, cmov, cx8, fxsr, mmx, sse, sse2, sse3, ssse3, sse4.1, sse4.2, popcnt, avx, clmul, erms, ht, tsc, tscinvbit, tscinv

Memory: 4k page, physical 4097304k(617036k free), swap 7837628k(1484388k free)

vm_info: Java HotSpot(TM) 64-Bit Server VM (10.0.1+10) for windows-amd64 JRE (10.0.1+10), built on Mar 27 2018 02:27:48 by "mach5one" with MS VC++ 12.0 (VS2013)

END.
